I0317 17:41:12.849389       1 log_file.go:93] Set log file max size to 104857600
I0317 17:41:12.850029       1 agent.go:106] "LFX Mentorship Pre Task #5514" Github username="IRONICBo"
I0317 17:41:12.850038       1 agent.go:107] "LFX Mentorship Pre Task #5514" Pod name="antrea-agent-4mqld"
I0317 17:41:12.850042       1 agent.go:108] "Starting Antrea agent" version="v2.0.0-dev-97fc0f0d.dirty"
I0317 17:41:12.850052       1 client.go:89] No kubeconfig file was specified. Falling back to in-cluster config
I0317 17:41:12.850417       1 prometheus.go:189] Initializing prometheus metrics
I0317 17:41:12.850492       1 ovs_client.go:71] Connecting to OVSDB at address /var/run/openvswitch/db.sock
I0317 17:41:13.851344       1 ovs_client.go:90] Not connected yet, will try again in 2s
I0317 17:41:13.851549       1 agent.go:412] Setting up node network
I0317 17:41:13.851615       1 discoverer.go:82] Starting ServiceCIDRDiscoverer
I0317 17:41:13.855433       1 agent.go:1023] "Got Interface MTU" MTU=1450
I0317 17:41:13.855631       1 ovs_client.go:122] Created bridge: be8415e1-6ffe-47fe-b683-2cd5b605b721
I0317 17:41:13.862372       1 agent.go:881] "Allocated OpenFlow port for tunnel interface" port="antrea-tun0" ofPort=1
I0317 17:41:13.864310       1 agent.go:702] "Allocated OpenFlow port for gateway interface" port="antrea-gw0" ofPort=2
I0317 17:41:13.875568       1 route_linux.go:192] Initializing iptables
I0317 17:41:13.875645       1 agent.go:1170] No round number found in OVSDB, using 1
I0317 17:41:13.875651       1 agent.go:1182] Using round number 1
I0317 17:41:13.875738       1 ofctrl.go:218] Initialize connection or re-connect to /var/run/openvswitch/br-int.mgmt.
I0317 17:41:13.898318       1 route_linux.go:204] Initialized iptables
I0317 17:41:14.876621       1 ofctrl.go:233] Connected to socket /var/run/openvswitch/br-int.mgmt
I0317 17:41:14.876984       1 ofctrl.go:295] New connection..
I0317 17:41:14.877036       1 ofctrl.go:303] Sent hello with OF version: 6
I0317 17:41:14.877181       1 ofctrl.go:315] Received Openflow 1.5 Hello message
I0317 17:41:14.878024       1 ofctrl.go:335] Received ofp1.5 Switch feature response: {Header:{Version:6 Type:6 Length:32 Xid:3} DPID:00:00:e2:15:84:be:fe:47 Buffers:0 NumTables:254 AuxilaryId:0 pad:[0 0] Capabilities:591 Reserved:0}
I0317 17:41:14.878132       1 ofSwitch.go:85] Openflow Connection for new switch: 00:00:e2:15:84:be:fe:47
I0317 17:41:14.878225       1 ofctrl_bridge.go:326] OFSwitch is connected: 00:00:e2:15:84:be:fe:47
I0317 17:41:14.947194       1 agent.go:505] Agent initialized NodeConfig=NodeName: kind-control-plane, OVSBridge: br-int, PodIPv4CIDR: 10.244.0.0/24, PodIPv6CIDR: <nil>, NodeIPv4: 172.18.0.3/16, NodeIPv6: <nil>, TransportIPv4: 172.18.0.3/16, TransportIPv6: <nil>, Gateway: Name antrea-gw0: IPv4 10.244.0.1, IPv6 <nil>, MAC 8e:31:0a:22:22:58, NetworkConfig=&{encap geneve 0 false None {psk }  [] true false 50 60 1450 false None}
I0317 17:41:14.947252       1 metrics.go:138] Registering Antrea Proxy prometheus metrics
I0317 17:41:14.949379       1 fqdn.go:187] "Using kube-dns Service for DNS requests" dnsServer="10.96.0.10:53"
I0317 17:41:14.949475       1 audit_logging.go:196] "Initialized Antrea-native Policy Logger for audit logging" logFile="/var/log/antrea/networkpolicy/np.log" options={"MaxSize":500,"MaxBackups":3,"MaxAge":28,"Compress":true}
I0317 17:41:14.958494       1 server.go:733] "Reconciliation for CNI server"
I0317 17:41:14.962433       1 agent.go:662] Cleaning up flow-restore-wait config
I0317 17:41:14.962573       1 agent.go:675] Cleaned up flow-restore-wait config
I0317 17:41:14.962576       1 client.go:105] No antrea kubeconfig file was specified. Falling back to in-cluster config
I0317 17:41:14.962579       1 client.go:108] Didn't get CA certificate, skip updating Antrea Client
I0317 17:41:14.962598       1 channel.go:83] "Starting SubscribableChannel" name="PodUpdate"
I0317 17:41:14.962602       1 log_file.go:121] Starting log file monitoring. Maximum log file number is 4
I0317 17:41:14.962612       1 route_linux.go:244] "Starting iptables, ipset and route sync" interval="1m0s"
I0317 17:41:14.962644       1 configmap_cafile_content.go:202] "Starting controller" name="antrea-ca::kube-system::antrea-ca::ca.crt"
I0317 17:41:14.962655       1 shared_informer.go:270] Waiting for caches to sync for antrea-ca::kube-system::antrea-ca::ca.crt
I0317 17:41:14.962659       1 cluster.go:335] "Starting" controllerName="MemberListCluster"
I0317 17:41:14.962664       1 shared_informer.go:270] Waiting for caches to sync for MemberListCluster
I0317 17:41:14.962663       1 node_route_controller.go:334] Starting AntreaAgentNodeRouteController
I0317 17:41:14.962666       1 server.go:655] "Starting CNI server"
I0317 17:41:14.962673       1 shared_informer.go:270] Waiting for caches to sync for AntreaAgentNodeRouteController
I0317 17:41:14.962684       1 networkpolicy_controller.go:599] Waiting for Antrea client to be ready
I0317 17:41:14.962698       1 controller.go:168] Starting ExternalIPPoolController
I0317 17:41:14.962697       1 config.go:223] Starting service config controller
I0317 17:41:14.962702       1 shared_informer.go:270] Waiting for caches to sync for ExternalIPPoolController
I0317 17:41:14.962705       1 shared_informer.go:270] Waiting for caches to sync for service config
I0317 17:41:14.962701       1 egress_controller.go:491] Starting AntreaAgentEgressController
I0317 17:41:14.962718       1 config.go:314] Starting endpoint slice config controller
I0317 17:41:14.962721       1 shared_informer.go:270] Waiting for caches to sync for endpoint slice config
I0317 17:41:14.962722       1 traceflow_controller.go:173] Starting AntreaAgentTraceflowController
I0317 17:41:14.962724       1 config.go:423] "Starting node config controller"
I0317 17:41:14.962740       1 shared_informer.go:270] Waiting for caches to sync for AntreaAgentTraceflowController
I0317 17:41:14.962744       1 shared_informer.go:270] Waiting for caches to sync for node config
I0317 17:41:14.962742       1 local_ip_detector_linux.go:59] Starting localIPDetector
I0317 17:41:14.962748       1 server.go:665] "CNI server is listening ..."
I0317 17:41:14.962729       1 shared_informer.go:270] Waiting for caches to sync for AntreaAgentEgressController
I0317 17:41:14.962753       1 ip_scheduler.go:219] "Starting Egress IP scheduler"
I0317 17:41:14.962775       1 collector.go:86] Start collecting metrics
E0317 17:41:14.964013       1 cluster.go:224] "Processing Node CREATE event error, join cluster failed" err=<
	1 error occurred:
		* Failed to join 172.18.0.2:10351: dial tcp 172.18.0.2:10351: connect: connection refused
	
 > member="172.18.0.2"
I0317 17:41:15.032085       1 serving.go:348] Generated self-signed cert in-memory
I0317 17:41:15.052520       1 discoverer.go:207] "Service IPv4 CIDR was updated" ServiceCIDR="10.96.0.0/17"
I0317 17:41:15.063650       1 shared_informer.go:277] Caches are synced for MemberListCluster
I0317 17:41:15.063661       1 shared_informer.go:277] Caches are synced for antrea-ca::kube-system::antrea-ca::ca.crt
I0317 17:41:15.063662       1 shared_informer.go:277] Caches are synced for service config
I0317 17:41:15.063652       1 shared_informer.go:277] Caches are synced for node config
E0317 17:41:15.063685       1 configmap_cafile_content.go:243] key failed with : configmap "antrea-ca" not found
I0317 17:41:15.063696       1 cluster.go:531] "Processed Node event" eventType="Join" nodeName="kind-control-plane" affectedExternalIPPoolNum=1
I0317 17:41:15.063700       1 shared_informer.go:277] Caches are synced for AntreaAgentTraceflowController
I0317 17:41:15.063713       1 shared_informer.go:277] Caches are synced for endpoint slice config
I0317 17:41:15.063739       1 shared_informer.go:277] Caches are synced for ExternalIPPoolController
I0317 17:41:15.063754       1 shared_informer.go:277] Caches are synced for AntreaAgentNodeRouteController
I0317 17:41:15.063757       1 node_route_controller.go:287] Reconciliation for AntreaAgentNodeRouteController
E0317 17:41:15.069152       1 configmap_cafile_content.go:243] key failed with : configmap "antrea-ca" not found
E0317 17:41:15.080219       1 configmap_cafile_content.go:243] key failed with : configmap "antrea-ca" not found
I0317 17:41:15.098306       1 node_route_controller.go:499] "Adding routes and flows to Node" Node="kind-worker" podCIDRs=["10.244.1.0/24"] addresses=[{"type":"InternalIP","address":"172.18.0.2"},{"type":"Hostname","address":"kind-worker"}]
I0317 17:41:15.098323       1 node_route_controller.go:542] "Adding route and flow to Node" Node="kind-worker" podCIDR="10.244.1.0/24" peerNodeIP="172.18.0.2"
E0317 17:41:15.100611       1 configmap_cafile_content.go:243] key failed with : configmap "antrea-ca" not found
E0317 17:41:15.140756       1 configmap_cafile_content.go:243] key failed with : configmap "antrea-ca" not found
I0317 17:41:15.162996       1 shared_informer.go:277] Caches are synced for AntreaAgentEgressController
I0317 17:41:15.163054       1 route_linux.go:1171] "Restoring IP routes and rules for Egress"
I0317 17:41:15.163108       1 egress_controller.go:1208] Starting watch for EgressGroup
W0317 17:41:15.163110       1 egress_controller.go:1211] Failed to get antrea client: Antrea client is not ready
I0317 17:41:15.184148       1 agent.go:53] Starting Antrea Agent Monitor
I0317 17:41:15.184153       1 pipeline.go:492] Start collecting OVS meter stats
I0317 17:41:15.185314       1 requestheader_controller.go:169] Starting RequestHeaderAuthRequestController
I0317 17:41:15.185318       1 shared_informer.go:270] Waiting for caches to sync for RequestHeaderAuthRequestController
I0317 17:41:15.185327       1 configmap_cafile_content.go:202] "Starting controller" name="client-ca::kube-system::extension-apiserver-authentication::client-ca-file"
I0317 17:41:15.185329       1 shared_informer.go:270] Waiting for caches to sync for client-ca::kube-system::extension-apiserver-authentication::client-ca-file
I0317 17:41:15.185335       1 configmap_cafile_content.go:202] "Starting controller" name="client-ca::kube-system::extension-apiserver-authentication::requestheader-client-ca-file"
I0317 17:41:15.185336       1 shared_informer.go:270] Waiting for caches to sync for client-ca::kube-system::extension-apiserver-authentication::requestheader-client-ca-file
I0317 17:41:15.185501       1 secure_serving.go:210] Serving securely on [::]:10350
I0317 17:41:15.185510       1 tlsconfig.go:240] "Starting DynamicServingCertificateController"
E0317 17:41:15.189361       1 agent.go:71] "Failed to get agent monitoring CRD" err="antreaagentinfos.crd.antrea.io \"kind-control-plane\" not found"
E0317 17:41:15.221420       1 configmap_cafile_content.go:243] key failed with : configmap "antrea-ca" not found
I0317 17:41:15.285985       1 shared_informer.go:277] Caches are synced for client-ca::kube-system::extension-apiserver-authentication::requestheader-client-ca-file
I0317 17:41:15.286017       1 shared_informer.go:277] Caches are synced for RequestHeaderAuthRequestController
I0317 17:41:15.285993       1 shared_informer.go:277] Caches are synced for client-ca::kube-system::extension-apiserver-authentication::client-ca-file
E0317 17:41:15.382751       1 configmap_cafile_content.go:243] key failed with : configmap "antrea-ca" not found
I0317 17:41:15.507405       1 cluster.go:531] "Processed Node event" eventType="Join" nodeName="kind-worker" affectedExternalIPPoolNum=1
E0317 17:41:15.703604       1 configmap_cafile_content.go:243] key failed with : configmap "antrea-ca" not found
E0317 17:41:16.344183       1 configmap_cafile_content.go:243] key failed with : configmap "antrea-ca" not found
I0317 17:41:16.963263       1 networkpolicy_controller.go:599] Waiting for Antrea client to be ready
E0317 17:41:17.624506       1 configmap_cafile_content.go:243] key failed with : configmap "antrea-ca" not found
I0317 17:41:18.962995       1 networkpolicy_controller.go:599] Waiting for Antrea client to be ready
I0317 17:41:20.163754       1 egress_controller.go:1208] Starting watch for EgressGroup
W0317 17:41:20.163785       1 egress_controller.go:1211] Failed to get antrea client: Antrea client is not ready
E0317 17:41:20.185255       1 configmap_cafile_content.go:243] key failed with : configmap "antrea-ca" not found
I0317 17:41:20.953604       1 client.go:105] No antrea kubeconfig file was specified. Falling back to in-cluster config
I0317 17:41:20.953675       1 client.go:130] Updating Antrea client with the new CA bundle
I0317 17:41:20.963600       1 networkpolicy_controller.go:599] Waiting for Antrea client to be ready
I0317 17:41:20.963617       1 networkpolicy_controller.go:610] Antrea client is ready
I0317 17:41:20.963628       1 networkpolicy_controller.go:625] Waiting for all watchers to complete full sync
I0317 17:41:20.963637       1 networkpolicy_controller.go:959] Starting watch for AppliedToGroup
I0317 17:41:20.963657       1 networkpolicy_controller.go:959] Starting watch for AddressGroup
I0317 17:41:20.963678       1 networkpolicy_controller.go:959] Starting watch for NetworkPolicy
W0317 17:41:20.963869       1 networkpolicy_controller.go:962] Failed to start watch for AddressGroup: Get "https://10.96.113.154:443/apis/controlplane.antrea.io/v1beta2/addressgroups?fieldSelector=nodeName%3Dkind-control-plane&watch=true": dial tcp 10.96.113.154:443: connect: connection refused
I0317 17:41:20.963890       1 networkpolicy_controller.go:937] "Getting init events for %s from fallback" AddressGroup="(MISSING)"
W0317 17:41:20.963913       1 networkpolicy_controller.go:962] Failed to start watch for AppliedToGroup: Get "https://10.96.113.154:443/apis/controlplane.antrea.io/v1beta2/appliedtogroups?fieldSelector=nodeName%3Dkind-control-plane&watch=true": dial tcp 10.96.113.154:443: connect: connection refused
I0317 17:41:20.963927       1 networkpolicy_controller.go:937] "Getting init events for %s from fallback" AppliedToGroup="(MISSING)"
W0317 17:41:20.963939       1 networkpolicy_controller.go:962] Failed to start watch for NetworkPolicy: Get "https://10.96.113.154:443/apis/controlplane.antrea.io/v1beta2/networkpolicies?fieldSelector=nodeName%3Dkind-control-plane&watch=true": dial tcp 10.96.113.154:443: connect: connection refused
I0317 17:41:20.963959       1 networkpolicy_controller.go:937] "Getting init events for %s from fallback" NetworkPolicy="(MISSING)"
I0317 17:41:20.964017       1 networkpolicy_controller.go:627] All watchers have completed full sync, installing flows for init events
I0317 17:41:20.964310       1 networkpolicy_controller.go:632] Starting NetworkPolicy workers now
I0317 17:41:20.964316       1 networkpolicy_controller.go:638] Starting IDAllocator worker to maintain the async rule cache
I0317 17:41:20.964323       1 status_controller.go:210] Starting NetworkPolicy StatusController
I0317 17:41:24.947550       1 agent.go:574] Deleting stale flows from previous round if any
I0317 17:41:24.947559       1 agent.go:512] Persisting round number 1 to OVSDB
I0317 17:41:24.947867       1 agent.go:517] Round number 1 was persisted to OVSDB
I0317 17:41:25.164630       1 egress_controller.go:1208] Starting watch for EgressGroup
W0317 17:41:25.165217       1 egress_controller.go:1219] Failed to start watch for EgressGroup: Get "https://10.96.113.154:443/apis/controlplane.antrea.io/v1beta2/egressgroups?fieldSelector=nodeName%3Dkind-control-plane&watch=true": dial tcp 10.96.113.154:443: connect: connection refused
I0317 17:41:25.963894       1 networkpolicy_controller.go:959] Starting watch for AppliedToGroup
I0317 17:41:25.964044       1 networkpolicy_controller.go:959] Starting watch for AddressGroup
I0317 17:41:25.964135       1 networkpolicy_controller.go:959] Starting watch for NetworkPolicy
W0317 17:41:25.964419       1 networkpolicy_controller.go:962] Failed to start watch for AppliedToGroup: Get "https://10.96.113.154:443/apis/controlplane.antrea.io/v1beta2/appliedtogroups?fieldSelector=nodeName%3Dkind-control-plane&watch=true": dial tcp 10.96.113.154:443: connect: connection refused
W0317 17:41:25.964559       1 networkpolicy_controller.go:962] Failed to start watch for AddressGroup: Get "https://10.96.113.154:443/apis/controlplane.antrea.io/v1beta2/addressgroups?fieldSelector=nodeName%3Dkind-control-plane&watch=true": dial tcp 10.96.113.154:443: connect: connection refused
W0317 17:41:25.964838       1 networkpolicy_controller.go:962] Failed to start watch for NetworkPolicy: Get "https://10.96.113.154:443/apis/controlplane.antrea.io/v1beta2/networkpolicies?fieldSelector=nodeName%3Dkind-control-plane&watch=true": dial tcp 10.96.113.154:443: connect: connection refused
I0317 17:41:30.165603       1 egress_controller.go:1208] Starting watch for EgressGroup
W0317 17:41:30.166173       1 egress_controller.go:1219] Failed to start watch for EgressGroup: Get "https://10.96.113.154:443/apis/controlplane.antrea.io/v1beta2/egressgroups?fieldSelector=nodeName%3Dkind-control-plane&watch=true": dial tcp 10.96.113.154:443: connect: connection refused
I0317 17:41:30.964551       1 networkpolicy_controller.go:959] Starting watch for NetworkPolicy
I0317 17:41:30.964693       1 networkpolicy_controller.go:959] Starting watch for AppliedToGroup
I0317 17:41:30.964792       1 networkpolicy_controller.go:959] Starting watch for AddressGroup
I0317 17:41:30.975086       1 networkpolicy_controller.go:974] Started watch for AppliedToGroup
I0317 17:41:30.975097       1 networkpolicy_controller.go:974] Started watch for NetworkPolicy
I0317 17:41:30.975098       1 networkpolicy_controller.go:974] Started watch for AddressGroup
I0317 17:41:30.975115       1 networkpolicy_controller.go:1004] Received 0 init events for AppliedToGroup
I0317 17:41:30.975125       1 networkpolicy_controller.go:1004] Received 0 init events for AddressGroup
I0317 17:41:30.975137       1 networkpolicy_controller.go:1004] Received 0 init events for NetworkPolicy
I0317 17:41:35.166410       1 egress_controller.go:1208] Starting watch for EgressGroup
I0317 17:41:35.170675       1 egress_controller.go:1229] Started watch for EgressGroup
I0317 17:41:35.170836       1 egress_controller.go:1257] Received 0 init events for EgressGroup
